Using pre-set license
Built from '2021.2/staging' branch; Version is '2021.2.6f1 (8c4e826ba445) revision 9195138'; Using compiler version '192829333'; Build Type 'Release'
OS: 'Windows 10  (10.0.19043) 64bit CoreSingleLanguage' Language: 'es' Physical Memory: 16316 MB
BatchMode: 1, IsHumanControllingUs: 0, StartBugReporterOnCrash: 0, Is64bit: 1, IsPro: 0

COMMAND LINE ARGUMENTS:
D:\Programitas\Unity\2021.2.6f1\Editor\Unity.exe
-adb2
-batchMode
-noUpm
-name
AssetImportWorker1
-projectPath
D:/Programitas/Unity/tamamon/tamamonv1
-logFile
Logs/AssetImportWorker1.log
-srvPort
54799
Successfully changed project path to: D:/Programitas/Unity/tamamon/tamamonv1
D:/Programitas/Unity/tamamon/tamamonv1
[UnityMemory] Configuration Parameters - Can be set up in boot.config
    "memorysetup-bucket-allocator-granularity=16"
    "memorysetup-bucket-allocator-bucket-count=8"
    "memorysetup-bucket-allocator-block-size=33554432"
    "memorysetup-bucket-allocator-block-count=8"
    "memorysetup-main-allocator-block-size=16777216"
    "memorysetup-thread-allocator-block-size=16777216"
    "memorysetup-gfx-main-allocator-block-size=16777216"
    "memorysetup-gfx-thread-allocator-block-size=16777216"
    "memorysetup-cache-allocator-block-size=4194304"
    "memorysetup-typetree-allocator-block-size=2097152"
    "memorysetup-profiler-bucket-allocator-granularity=16"
    "memorysetup-profiler-bucket-allocator-bucket-count=8"
    "memorysetup-profiler-bucket-allocator-block-size=33554432"
    "memorysetup-profiler-bucket-allocator-block-count=8"
    "memorysetup-profiler-allocator-block-size=16777216"
    "memorysetup-profiler-editor-allocator-block-size=1048576"
    "memorysetup-temp-allocator-size-main=16777216"
    "memorysetup-job-temp-allocator-block-size=2097152"
    "memorysetup-job-temp-allocator-block-size-background=1048576"
    "memorysetup-job-temp-allocator-reduction-small-platforms=262144"
    "memorysetup-temp-allocator-size-background-worker=32768"
    "memorysetup-temp-allocator-size-job-worker=262144"
    "memorysetup-temp-allocator-size-preload-manager=33554432"
    "memorysetup-temp-allocator-size-nav-mesh-worker=65536"
    "memorysetup-temp-allocator-size-audio-worker=65536"
    "memorysetup-temp-allocator-size-cloud-worker=32768"
    "memorysetup-temp-allocator-size-gi-baking-worker=262144"
    "memorysetup-temp-allocator-size-gfx=262144"
Refreshing native plugins compatible for Editor in 83.72 ms, found 2 plugins.
Preloading 0 native plugins for Editor in 0.00 ms.
Initialize engine version: 2021.2.6f1 (8c4e826ba445)
[Subsystems] Discovering subsystems at path D:/Programitas/Unity/2021.2.6f1/Editor/Data/Resources/UnitySubsystems
[Subsystems] Discovering subsystems at path D:/Programitas/Unity/tamamon/tamamonv1/Assets
GfxDevice: creating device client; threaded=0; jobified=0
Direct3D:
    Version:  Direct3D 11.0 [level 11.1]
    Renderer: NVIDIA GeForce GTX 1660 SUPER (ID=0x21c4)
    Vendor:   NVIDIA
    VRAM:     5991 MB
    Driver:   30.0.14.9676
Initialize mono
Mono path[0] = 'D:/Programitas/Unity/2021.2.6f1/Editor/Data/Managed'
Mono path[1] = 'D:/Programitas/Unity/2021.2.6f1/Editor/Data/MonoBleedingEdge/lib/mono/unityjit-win32'
Mono config path = 'D:/Programitas/Unity/2021.2.6f1/Editor/Data/MonoBleedingEdge/etc'
Using monoOptions --debugger-agent=transport=dt_socket,embedding=1,server=y,suspend=n,address=127.0.0.1:56352
Begin MonoManager ReloadAssembly
Registering precompiled unity dll's ...
Register platform support module: D:/Programitas/Unity/2021.2.6f1/Editor/Data/PlaybackEngines/WebGLSupport/UnityEditor.WebGL.Extensions.dll
Register platform support module: D:/Programitas/Unity/2021.2.6f1/Editor/Data/PlaybackEngines/MacStandaloneSupport/UnityEditor.OSXStandalone.Extensions.dll
Register platform support module: D:/Programitas/Unity/2021.2.6f1/Editor/Data/PlaybackEngines/WindowsStandaloneSupport/UnityEditor.WindowsStandalone.Extensions.dll
Register platform support module: D:/Programitas/Unity/2021.2.6f1/Editor/Data/PlaybackEngines/LinuxStandaloneSupport/UnityEditor.LinuxStandalone.Extensions.dll
Registered in 0.009896 seconds.
Native extension for LinuxStandalone target not found
Native extension for WindowsStandalone target not found
Native extension for OSXStandalone target not found
Native extension for WebGL target not found
Refreshing native plugins compatible for Editor in 81.38 ms, found 2 plugins.
Preloading 0 native plugins for Editor in 0.00 ms.
Mono: successfully reloaded assembly
- Completed reload, in  0.845 seconds
Domain Reload Profiling:
	ReloadAssembly (846ms)
		BeginReloadAssembly (121ms)
			ExecutionOrderSort (0ms)
			DisableScriptedObjects (0ms)
			BackupInstance (0ms)
			ReleaseScriptingObjects (0ms)
			CreateAndSetChildDomain (1ms)
		EndReloadAssembly (614ms)
			LoadAssemblies (121ms)
			RebuildTransferFunctionScriptingTraits (0ms)
			SetupTypeCache (141ms)
			ReleaseScriptCaches (0ms)
			RebuildScriptCaches (33ms)
			SetupLoadedEditorAssemblies (364ms)
				LogAssemblyErrors (0ms)
				InitializePlatformSupportModulesInManaged (27ms)
				SetLoadedEditorAssemblies (0ms)
				RefreshPlugins (81ms)
				BeforeProcessingInitializeOnLoad (1ms)
				ProcessInitializeOnLoadAttributes (196ms)
				ProcessInitializeOnLoadMethodAttributes (58ms)
				AfterProcessingInitializeOnLoad (0ms)
				EditorAssembliesLoaded (0ms)
			ExecutionOrderSort2 (0ms)
			AwakeInstancesAfterBackupRestoration (0ms)
Platform modules already initialized, skipping
Registering precompiled user dll's ...
Registered in 0.009186 seconds.
Begin MonoManager ReloadAssembly
Native extension for LinuxStandalone target not found
Native extension for WindowsStandalone target not found
Native extension for OSXStandalone target not found
Native extension for WebGL target not found
Refreshing native plugins compatible for Editor in 81.53 ms, found 2 plugins.
Preloading 0 native plugins for Editor in 0.00 ms.
Mono: successfully reloaded assembly
- Completed reload, in  2.280 seconds
Domain Reload Profiling:
	ReloadAssembly (2281ms)
		BeginReloadAssembly (173ms)
			ExecutionOrderSort (0ms)
			DisableScriptedObjects (9ms)
			BackupInstance (0ms)
			ReleaseScriptingObjects (0ms)
			CreateAndSetChildDomain (28ms)
		EndReloadAssembly (1970ms)
			LoadAssemblies (132ms)
			RebuildTransferFunctionScriptingTraits (0ms)
			SetupTypeCache (332ms)
			ReleaseScriptCaches (1ms)
			RebuildScriptCaches (97ms)
			SetupLoadedEditorAssemblies (1333ms)
				LogAssemblyErrors (0ms)
				InitializePlatformSupportModulesInManaged (27ms)
				SetLoadedEditorAssemblies (0ms)
				RefreshPlugins (82ms)
				BeforeProcessingInitializeOnLoad (105ms)
				ProcessInitializeOnLoadAttributes (997ms)
				ProcessInitializeOnLoadMethodAttributes (115ms)
				AfterProcessingInitializeOnLoad (7ms)
				EditorAssembliesLoaded (0ms)
			ExecutionOrderSort2 (0ms)
			AwakeInstancesAfterBackupRestoration (16ms)
Platform modules already initialized, skipping
========================================================================
Worker process is ready to serve import requests
Launched and connected shader compiler UnityShaderCompiler.exe after 0.08 seconds
Refreshing native plugins compatible for Editor in 1.29 ms, found 2 plugins.
Preloading 0 native plugins for Editor in 0.00 ms.
Unloading 3345 Unused Serialized files (Serialized files now loaded: 0)
Unloading 26 unused Assets / (347.8 KB). Loaded Objects now: 3834.
Memory consumption went from 168.0 MB to 167.7 MB.
Total: 7.679100 ms (FindLiveObjects: 0.465700 ms CreateObjectMapping: 0.247200 ms MarkObjects: 6.660100 ms  DeleteObjects: 0.304600 ms)

AssetImportParameters requested are different than current active one (requested -> active):
  custom:video-decoder-ogg-theora: a1e56fd34408186e4bbccfd4996cb3dc -> 
  custom:container-muxer-webm: aa71ff27fc2769a1b78a27578f13a17b -> 
  custom:container-demuxer-webm: 4f35f7cbe854078d1ac9338744f61a02 -> 
  custom:video-encoder-webm-vp8: eb34c28f22e8b96e1ab97ce403110664 -> 
  custom:audio-encoder-webm-vorbis: bf7c407c2cedff20999df2af8eb42d56 -> 
  custom:framework-win-MediaFoundation: 216162199b28c13a410421893ffa2e32 -> 
  custom:container-demuxer-ogg: 62fdf1f143b41e24485cea50d1cbac27 -> 
  custom:video-decoder-webm-vp8: 9c59270c3fd7afecdb556c50c9e8de78 -> 
  custom:audio-decoder-ogg-vorbis: bf7c407c2cedff20999df2af8eb42d56 -> 
========================================================================
Received Import Request.
  Time since last request: 192834.017295 seconds.
  path: Assets/Scenes/Texturas/Animaciones/TraucomonFeliz.png
  artifactKey: Guid(7050107c34fe876438b7bcb0131ba72b) Importer(815301076,1909f56bfc062723c751e8b465ee728b)
Start importing Assets/Scenes/Texturas/Animaciones/TraucomonFeliz.png using Guid(7050107c34fe876438b7bcb0131ba72b) Importer(815301076,1909f56bfc062723c751e8b465ee728b)  -> (artifact id: '0fdcd5e611cb6f98895fb94ac98c6c13') in 0.167623 seconds 
========================================================================
Received Import Request.
  Time since last request: 0.000039 seconds.
  path: Assets/Scenes/Texturas/Animaciones/FurroFeliz.png
  artifactKey: Guid(6ad5914c233ec6a438d2e051d933a596) Importer(815301076,1909f56bfc062723c751e8b465ee728b)
Start importing Assets/Scenes/Texturas/Animaciones/FurroFeliz.png using Guid(6ad5914c233ec6a438d2e051d933a596) Importer(815301076,1909f56bfc062723c751e8b465ee728b)  -> (artifact id: '5f86fc20a0e58122e0eaf77666d57f84') in 0.108077 seconds 
========================================================================
Received Import Request.
  Time since last request: 0.000042 seconds.
  path: Assets/Scenes/Texturas/Animaciones/FurroMocoMueve.png
  artifactKey: Guid(ec6c29e4687ba4641a97dea67bc7c5d3) Importer(815301076,1909f56bfc062723c751e8b465ee728b)
Start importing Assets/Scenes/Texturas/Animaciones/FurroMocoMueve.png using Guid(ec6c29e4687ba4641a97dea67bc7c5d3) Importer(815301076,1909f56bfc062723c751e8b465ee728b)  -> (artifact id: 'a48959223b0378168788acf86b638765') in 0.031849 seconds 
========================================================================
Received Import Request.
  Time since last request: 0.000030 seconds.
  path: Assets/Scenes/Texturas/Animaciones/ManzanaMocoDuerme.png
  artifactKey: Guid(6556d1a36092f6f4eb454b919f90dc36) Importer(815301076,1909f56bfc062723c751e8b465ee728b)
Start importing Assets/Scenes/Texturas/Animaciones/ManzanaMocoDuerme.png using Guid(6556d1a36092f6f4eb454b919f90dc36) Importer(815301076,1909f56bfc062723c751e8b465ee728b)  -> (artifact id: '98e3799e19801dbf59133d3c23a1281a') in 0.031022 seconds 
========================================================================
Received Import Request.
  Time since last request: 0.000027 seconds.
  path: Assets/Scenes/Texturas/Animaciones/FurroMocoIdle.png
  artifactKey: Guid(a0638d6399ca25b4b84be7595cca1285) Importer(815301076,1909f56bfc062723c751e8b465ee728b)
Start importing Assets/Scenes/Texturas/Animaciones/FurroMocoIdle.png using Guid(a0638d6399ca25b4b84be7595cca1285) Importer(815301076,1909f56bfc062723c751e8b465ee728b)  -> (artifact id: '12e342f7e6dbc6440ddbd06272071f12') in 0.028726 seconds 
========================================================================
Received Import Request.
  Time since last request: 0.000028 seconds.
  path: Assets/Scenes/Texturas/Animaciones/TraucomonMocoFeliz.png
  artifactKey: Guid(fed43098c91e37c4f85707390f22114b) Importer(815301076,1909f56bfc062723c751e8b465ee728b)
Start importing Assets/Scenes/Texturas/Animaciones/TraucomonMocoFeliz.png using Guid(fed43098c91e37c4f85707390f22114b) Importer(815301076,1909f56bfc062723c751e8b465ee728b)  -> (artifact id: 'e08b73ff7d2cf6684fb2588dd737be5c') in 0.026770 seconds 
========================================================================
Received Import Request.
  Time since last request: 0.000039 seconds.
  path: Assets/Scenes/Texturas/Animaciones/ManzanaFeliz.png
  artifactKey: Guid(988c273b8f2d7014c9277e303d60714e) Importer(815301076,1909f56bfc062723c751e8b465ee728b)
Start importing Assets/Scenes/Texturas/Animaciones/ManzanaFeliz.png using Guid(988c273b8f2d7014c9277e303d60714e) Importer(815301076,1909f56bfc062723c751e8b465ee728b)  -> (artifact id: '20d129bb55559f93e494d8ba73fd7fcb') in 0.028687 seconds 
========================================================================
Received Import Request.
  Time since last request: 0.000038 seconds.
  path: Assets/Scenes/Texturas/Animaciones/TraucomonIdle.png
  artifactKey: Guid(ad341624f00772644945bdd09eb276e0) Importer(815301076,1909f56bfc062723c751e8b465ee728b)
Start importing Assets/Scenes/Texturas/Animaciones/TraucomonIdle.png using Guid(ad341624f00772644945bdd09eb276e0) Importer(815301076,1909f56bfc062723c751e8b465ee728b)  -> (artifact id: '106f4b866c099975791c5f4ff16aa130') in 0.119217 seconds 
========================================================================
Received Import Request.
  Time since last request: 0.000032 seconds.
  path: Assets/Scenes/Texturas/Animaciones/TraucomonMocoMueve.png
  artifactKey: Guid(7d33e6644d5d36f478e9c52547480111) Importer(815301076,1909f56bfc062723c751e8b465ee728b)
Start importing Assets/Scenes/Texturas/Animaciones/TraucomonMocoMueve.png using Guid(7d33e6644d5d36f478e9c52547480111) Importer(815301076,1909f56bfc062723c751e8b465ee728b)  -> (artifact id: '124623f9bcb150bd30aa001a229f59b3') in 0.018217 seconds 
========================================================================
Received Import Request.
  Time since last request: 35.541910 seconds.
  path: Assets/Low Poly Christmas Pack Free/Prefabs/002 Candle_Light.prefab
  artifactKey: Guid(9ecd798c870a84857b731d4f198c7d9d) Importer(815301076,1909f56bfc062723c751e8b465ee728b)
Start importing Assets/Low Poly Christmas Pack Free/Prefabs/002 Candle_Light.prefab using Guid(9ecd798c870a84857b731d4f198c7d9d) Importer(815301076,1909f56bfc062723c751e8b465ee728b)  -> (artifact id: '22467ad460f4624dd4860c29cc322c27') in 3.649321 seconds 
========================================================================
Received Import Request.
  Time since last request: 0.000045 seconds.
  path: Assets/Low Poly Christmas Pack Free/Prefabs/034 Snow_man.prefab
  artifactKey: Guid(d77134faad0374731919e090ca04c7ca) Importer(815301076,1909f56bfc062723c751e8b465ee728b)
Start importing Assets/Low Poly Christmas Pack Free/Prefabs/034 Snow_man.prefab using Guid(d77134faad0374731919e090ca04c7ca) Importer(815301076,1909f56bfc062723c751e8b465ee728b)  -> (artifact id: '8d05dde268979151012fd109f20b8800') in 0.085866 seconds 
========================================================================
Received Import Request.
  Time since last request: 0.000049 seconds.
  path: Assets/Low Poly Christmas Pack Free/Prefabs/058 Star.prefab
  artifactKey: Guid(161523e1e082d4d11ac2fc0bf3cf1fb4) Importer(815301076,1909f56bfc062723c751e8b465ee728b)
Start importing Assets/Low Poly Christmas Pack Free/Prefabs/058 Star.prefab using Guid(161523e1e082d4d11ac2fc0bf3cf1fb4) Importer(815301076,1909f56bfc062723c751e8b465ee728b)  -> (artifact id: 'eb37d6f376a3107f0bca8bb9d173ae60') in 0.053400 seconds 
========================================================================
Received Import Request.
  Time since last request: 0.000032 seconds.
  path: Assets/Low Poly Christmas Pack Free/Prefabs/056 Star.prefab
  artifactKey: Guid(9296de9be092543cea0572f6ca5660ae) Importer(815301076,1909f56bfc062723c751e8b465ee728b)
Start importing Assets/Low Poly Christmas Pack Free/Prefabs/056 Star.prefab using Guid(9296de9be092543cea0572f6ca5660ae) Importer(815301076,1909f56bfc062723c751e8b465ee728b)  -> (artifact id: 'f91f9f12523ddb0994f8e9fa03947018') in 0.054684 seconds 
========================================================================
Received Import Request.
  Time since last request: 0.000060 seconds.
  path: Assets/Low Poly Christmas Pack Free/Prefabs/014 Gift_Box.prefab
  artifactKey: Guid(daa5efe5de0c842f592546f440921e4c) Importer(815301076,1909f56bfc062723c751e8b465ee728b)
Start importing Assets/Low Poly Christmas Pack Free/Prefabs/014 Gift_Box.prefab using Guid(daa5efe5de0c842f592546f440921e4c) Importer(815301076,1909f56bfc062723c751e8b465ee728b)  -> (artifact id: '65aff2ca71094fd3d018784898350e53') in 0.096223 seconds 
========================================================================
Received Import Request.
  Time since last request: 0.000032 seconds.
  path: Assets/Low Poly Christmas Pack Free/Prefabs/035 Xmas_toy.prefab
  artifactKey: Guid(73e3e418012e84f9382dc67e62d4d8e5) Importer(815301076,1909f56bfc062723c751e8b465ee728b)
Start importing Assets/Low Poly Christmas Pack Free/Prefabs/035 Xmas_toy.prefab using Guid(73e3e418012e84f9382dc67e62d4d8e5) Importer(815301076,1909f56bfc062723c751e8b465ee728b)  -> (artifact id: 'f105832cda0b11a24ecb21ba28edbe5b') in 0.114298 seconds 
========================================================================
Received Import Request.
  Time since last request: 0.000068 seconds.
  path: Assets/Low Poly Christmas Pack Free/Prefabs/036 Xmas_Tree.prefab
  artifactKey: Guid(1524918add1b546fca23b3706476ee5c) Importer(815301076,1909f56bfc062723c751e8b465ee728b)
Start importing Assets/Low Poly Christmas Pack Free/Prefabs/036 Xmas_Tree.prefab using Guid(1524918add1b546fca23b3706476ee5c) Importer(815301076,1909f56bfc062723c751e8b465ee728b)  -> (artifact id: '1e7a71b83a32b3b05ff89bd9a096e394') in 0.139777 seconds 
========================================================================
Received Import Request.
  Time since last request: 0.000063 seconds.
  path: Assets/Low Poly Christmas Pack Free/Prefabs/045 Xmas_Tree.prefab
  artifactKey: Guid(f2802b90d644a4ef4bf47419d4605888) Importer(815301076,1909f56bfc062723c751e8b465ee728b)
Start importing Assets/Low Poly Christmas Pack Free/Prefabs/045 Xmas_Tree.prefab using Guid(f2802b90d644a4ef4bf47419d4605888) Importer(815301076,1909f56bfc062723c751e8b465ee728b)  -> (artifact id: '1c73ea2716df08e4b06da27b1abdbecb') in 0.058095 seconds 
========================================================================
Received Import Request.
  Time since last request: 0.000043 seconds.
  path: Assets/Low Poly Christmas Pack Free/Prefabs/012 009 Santa_gift_bag.prefab
  artifactKey: Guid(09c0d16b15be9476d8fa22a648e87713) Importer(815301076,1909f56bfc062723c751e8b465ee728b)
Start importing Assets/Low Poly Christmas Pack Free/Prefabs/012 009 Santa_gift_bag.prefab using Guid(09c0d16b15be9476d8fa22a648e87713) Importer(815301076,1909f56bfc062723c751e8b465ee728b)  -> (artifact id: '063349af9d1e1d89a88534a9316fd2b5') in 0.053282 seconds 
========================================================================
Received Import Request.
  Time since last request: 0.000048 seconds.
  path: Assets/Low Poly Christmas Pack Free/Prefabs/020 Tea_Cup.prefab
  artifactKey: Guid(9db046721aaa545949998e664f8e4c18) Importer(815301076,1909f56bfc062723c751e8b465ee728b)
Start importing Assets/Low Poly Christmas Pack Free/Prefabs/020 Tea_Cup.prefab using Guid(9db046721aaa545949998e664f8e4c18) Importer(815301076,1909f56bfc062723c751e8b465ee728b)  -> (artifact id: 'abacfa3cafb447a5ae4566cf8c1547d2') in 0.050872 seconds 
========================================================================
Received Import Request.
  Time since last request: 0.000055 seconds.
  path: Assets/Low Poly Christmas Pack Free/Prefabs/049 Xmas_Tree.prefab
  artifactKey: Guid(def7136dc919642c89a37d6ac8be22a0) Importer(815301076,1909f56bfc062723c751e8b465ee728b)
Start importing Assets/Low Poly Christmas Pack Free/Prefabs/049 Xmas_Tree.prefab using Guid(def7136dc919642c89a37d6ac8be22a0) Importer(815301076,1909f56bfc062723c751e8b465ee728b)  -> (artifact id: '05fabad7d626bce52835d3428a8449ce') in 0.071479 seconds 
========================================================================
Received Import Request.
  Time since last request: 0.000076 seconds.
  path: Assets/Low Poly Christmas Pack Free/Prefabs/019 Candle.prefab
  artifactKey: Guid(64dabc798265448a58c7e988ef643e9e) Importer(815301076,1909f56bfc062723c751e8b465ee728b)
Start importing Assets/Low Poly Christmas Pack Free/Prefabs/019 Candle.prefab using Guid(64dabc798265448a58c7e988ef643e9e) Importer(815301076,1909f56bfc062723c751e8b465ee728b)  -> (artifact id: '1af1d4773e7268fccf952c7a8600581e') in 0.055040 seconds 
========================================================================
Received Import Request.
  Time since last request: 0.000048 seconds.
  path: Assets/Low Poly Christmas Pack Free/Prefabs/004 Gift_Box.prefab
  artifactKey: Guid(8a7716b14ff004f13a8c0121da35657f) Importer(815301076,1909f56bfc062723c751e8b465ee728b)
Start importing Assets/Low Poly Christmas Pack Free/Prefabs/004 Gift_Box.prefab using Guid(8a7716b14ff004f13a8c0121da35657f) Importer(815301076,1909f56bfc062723c751e8b465ee728b)  -> (artifact id: 'b897e8fd138889b75fe50d69aae59154') in 0.035037 seconds 
========================================================================
Received Import Request.
  Time since last request: 0.000050 seconds.
  path: Assets/Low Poly Christmas Pack Free/Prefabs/016 Xmas_Tree.prefab
  artifactKey: Guid(4df67fc3a41d5493480442e909160e0c) Importer(815301076,1909f56bfc062723c751e8b465ee728b)
Start importing Assets/Low Poly Christmas Pack Free/Prefabs/016 Xmas_Tree.prefab using Guid(4df67fc3a41d5493480442e909160e0c) Importer(815301076,1909f56bfc062723c751e8b465ee728b)  -> (artifact id: '47d092589ea147403ef65f5d612dcd6d') in 0.060145 seconds 
========================================================================
Received Import Request.
  Time since last request: 0.000066 seconds.
  path: Assets/Low Poly Christmas Pack Free/Prefabs/025 Shoes.prefab
  artifactKey: Guid(ebd922f5daf9b444fb46a9886dad7534) Importer(815301076,1909f56bfc062723c751e8b465ee728b)
Start importing Assets/Low Poly Christmas Pack Free/Prefabs/025 Shoes.prefab using Guid(ebd922f5daf9b444fb46a9886dad7534) Importer(815301076,1909f56bfc062723c751e8b465ee728b)  -> (artifact id: 'bdaa81e0d18f84e211e11c35e418044a') in 0.077454 seconds 
========================================================================
Received Import Request.
  Time since last request: 0.000033 seconds.
  path: Assets/Low Poly Christmas Pack Free/Prefabs/051 Xmas_Tree.prefab
  artifactKey: Guid(0498c3d18db5e48bd8c4084b283dd038) Importer(815301076,1909f56bfc062723c751e8b465ee728b)
Start importing Assets/Low Poly Christmas Pack Free/Prefabs/051 Xmas_Tree.prefab using Guid(0498c3d18db5e48bd8c4084b283dd038) Importer(815301076,1909f56bfc062723c751e8b465ee728b)  -> (artifact id: '2287df7e66fbf51d6e929dbdf088a417') in 0.062856 seconds 
========================================================================
Received Import Request.
  Time since last request: 0.000031 seconds.
  path: Assets/Low Poly Christmas Pack Free/Prefabs/015 Garland.prefab
  artifactKey: Guid(de3e50c99048d4795a83598614f02b26) Importer(815301076,1909f56bfc062723c751e8b465ee728b)
Start importing Assets/Low Poly Christmas Pack Free/Prefabs/015 Garland.prefab using Guid(de3e50c99048d4795a83598614f02b26) Importer(815301076,1909f56bfc062723c751e8b465ee728b)  -> (artifact id: 'ab3f2a206df18b31d924d307e40db6b5') in 0.063086 seconds 
========================================================================
Received Import Request.
  Time since last request: 0.000055 seconds.
  path: Assets/Low Poly Christmas Pack Free/Prefabs/017 Santa_claus.prefab
  artifactKey: Guid(9b4ecdcf9d3c94d10a3f3f3b8a1e4e44) Importer(815301076,1909f56bfc062723c751e8b465ee728b)
Start importing Assets/Low Poly Christmas Pack Free/Prefabs/017 Santa_claus.prefab using Guid(9b4ecdcf9d3c94d10a3f3f3b8a1e4e44) Importer(815301076,1909f56bfc062723c751e8b465ee728b)  -> (artifact id: '812c12f9c197072b26c8dcc40fd078e8') in 0.066926 seconds 
========================================================================
Received Import Request.
  Time since last request: 0.000060 seconds.
  path: Assets/Low Poly Christmas Pack Free/Prefabs/042 Candy.prefab
  artifactKey: Guid(88c77d054eb5549eb9c7e374299854ba) Importer(815301076,1909f56bfc062723c751e8b465ee728b)
Start importing Assets/Low Poly Christmas Pack Free/Prefabs/042 Candy.prefab using Guid(88c77d054eb5549eb9c7e374299854ba) Importer(815301076,1909f56bfc062723c751e8b465ee728b)  -> (artifact id: '525cc23f4eddfde7d571396e2677ded5') in 0.056237 seconds 
========================================================================
Received Import Request.
  Time since last request: 0.000035 seconds.
  path: Assets/Low Poly Christmas Pack Free/Prefabs/013 Hand_gloves.prefab
  artifactKey: Guid(265223284db4f4d4cad7aef3f518a5b8) Importer(815301076,1909f56bfc062723c751e8b465ee728b)
Start importing Assets/Low Poly Christmas Pack Free/Prefabs/013 Hand_gloves.prefab using Guid(265223284db4f4d4cad7aef3f518a5b8) Importer(815301076,1909f56bfc062723c751e8b465ee728b)  -> (artifact id: '38136da04c21098d3beaff2f476ca691') in 0.050066 seconds 
========================================================================
Received Import Request.
  Time since last request: 0.000036 seconds.
  path: Assets/Low Poly Christmas Pack Free/Prefabs/055 Xmas_Tree.prefab
  artifactKey: Guid(b82e8b6366552455ea7ffd1f4fab1825) Importer(815301076,1909f56bfc062723c751e8b465ee728b)
Start importing Assets/Low Poly Christmas Pack Free/Prefabs/055 Xmas_Tree.prefab using Guid(b82e8b6366552455ea7ffd1f4fab1825) Importer(815301076,1909f56bfc062723c751e8b465ee728b)  -> (artifact id: '330f077393f4dd9055ced818b0e1b923') in 0.033877 seconds 
========================================================================
Received Import Request.
  Time since last request: 0.000034 seconds.
  path: Assets/Low Poly Christmas Pack Free/Prefabs/062 Rabbit.prefab
  artifactKey: Guid(3ee97e638856c4eceb41a9ff49b9cd20) Importer(815301076,1909f56bfc062723c751e8b465ee728b)
Start importing Assets/Low Poly Christmas Pack Free/Prefabs/062 Rabbit.prefab using Guid(3ee97e638856c4eceb41a9ff49b9cd20) Importer(815301076,1909f56bfc062723c751e8b465ee728b)  -> (artifact id: '451521c71a89214f91f5071fc4270e44') in 0.059870 seconds 
========================================================================
Received Import Request.
  Time since last request: 0.000059 seconds.
  path: Assets/Low Poly Christmas Pack Free/Prefabs/003 Candle.prefab
  artifactKey: Guid(fe5a9f01955954b19941590ea981ce95) Importer(815301076,1909f56bfc062723c751e8b465ee728b)
Start importing Assets/Low Poly Christmas Pack Free/Prefabs/003 Candle.prefab using Guid(fe5a9f01955954b19941590ea981ce95) Importer(815301076,1909f56bfc062723c751e8b465ee728b)  -> (artifact id: 'a79e0a4e8e639819fbcb25fa3a323c09') in 0.026067 seconds 
========================================================================
Received Import Request.
  Time since last request: 0.000070 seconds.
  path: Assets/Low Poly Christmas Pack Free/Prefabs/007 Santa_Claus_Hat.prefab
  artifactKey: Guid(cb795b4ed47be446095478dc17f323e1) Importer(815301076,1909f56bfc062723c751e8b465ee728b)
Start importing Assets/Low Poly Christmas Pack Free/Prefabs/007 Santa_Claus_Hat.prefab using Guid(cb795b4ed47be446095478dc17f323e1) Importer(815301076,1909f56bfc062723c751e8b465ee728b)  -> (artifact id: 'eda0531a04b49a24f0f4e5d090a73fca') in 0.030249 seconds 
========================================================================
Received Import Request.
  Time since last request: 0.000029 seconds.
  path: Assets/Low Poly Christmas Pack Free/Prefabs/024 Shoes.prefab
  artifactKey: Guid(f93c24acb997748589b57cf0e7f2efcb) Importer(815301076,1909f56bfc062723c751e8b465ee728b)
Start importing Assets/Low Poly Christmas Pack Free/Prefabs/024 Shoes.prefab using Guid(f93c24acb997748589b57cf0e7f2efcb) Importer(815301076,1909f56bfc062723c751e8b465ee728b)  -> (artifact id: '158f700a81d6086af3ff60c20fcbb8c6') in 0.047076 seconds 
========================================================================
Received Import Request.
  Time since last request: 0.000034 seconds.
  path: Assets/Low Poly Christmas Pack Free/Prefabs/053 Xmas_Tree.prefab
  artifactKey: Guid(73ef2ffa9073c4b17b8ff0afa39dd0c5) Importer(815301076,1909f56bfc062723c751e8b465ee728b)
Start importing Assets/Low Poly Christmas Pack Free/Prefabs/053 Xmas_Tree.prefab using Guid(73ef2ffa9073c4b17b8ff0afa39dd0c5) Importer(815301076,1909f56bfc062723c751e8b465ee728b)  -> (artifact id: '6ec74a53e0cfa691c90df15739ccf11a') in 0.066815 seconds 
========================================================================
Received Import Request.
  Time since last request: 0.000028 seconds.
  path: Assets/Low Poly Christmas Pack Free/Prefabs/059 Star.prefab
  artifactKey: Guid(5549c0fe4db1f4430b4ce4ec6fde36a9) Importer(815301076,1909f56bfc062723c751e8b465ee728b)
Start importing Assets/Low Poly Christmas Pack Free/Prefabs/059 Star.prefab using Guid(5549c0fe4db1f4430b4ce4ec6fde36a9) Importer(815301076,1909f56bfc062723c751e8b465ee728b)  -> (artifact id: '888a0d65f15029f9118c63db8894d7e7') in 0.070744 seconds 
========================================================================
Received Import Request.
  Time since last request: 0.000040 seconds.
  path: Assets/Low Poly Christmas Pack Free/Prefabs/008 Reindeer.prefab
  artifactKey: Guid(731281c0d89ee4b0983c0682f1793e49) Importer(815301076,1909f56bfc062723c751e8b465ee728b)
Start importing Assets/Low Poly Christmas Pack Free/Prefabs/008 Reindeer.prefab using Guid(731281c0d89ee4b0983c0682f1793e49) Importer(815301076,1909f56bfc062723c751e8b465ee728b)  -> (artifact id: '4b03c9bf4b3387351d96b9a97bd45c5e') in 0.080190 seconds 
========================================================================
Received Import Request.
  Time since last request: 0.000043 seconds.
  path: Assets/Low Poly Christmas Pack Free/Prefabs/031 Xmas_Crackers.prefab
  artifactKey: Guid(8ddbf37c2122d44ccb6e2b100e7e8412) Importer(815301076,1909f56bfc062723c751e8b465ee728b)
Start importing Assets/Low Poly Christmas Pack Free/Prefabs/031 Xmas_Crackers.prefab using Guid(8ddbf37c2122d44ccb6e2b100e7e8412) Importer(815301076,1909f56bfc062723c751e8b465ee728b)  -> (artifact id: '179b08802511c0e9cbbeab1304c8bff9') in 0.045136 seconds 
========================================================================
Received Import Request.
  Time since last request: 0.000034 seconds.
  path: Assets/Low Poly Christmas Pack Free/Prefabs/011 Gift_Box.prefab
  artifactKey: Guid(052a289b1639e411badc15e1262f8875) Importer(815301076,1909f56bfc062723c751e8b465ee728b)
Start importing Assets/Low Poly Christmas Pack Free/Prefabs/011 Gift_Box.prefab using Guid(052a289b1639e411badc15e1262f8875) Importer(815301076,1909f56bfc062723c751e8b465ee728b)  -> (artifact id: '2144e772ed2d723412550f8d47882700') in 0.039228 seconds 
========================================================================
Received Import Request.
  Time since last request: 0.000058 seconds.
  path: Assets/Low Poly Christmas Pack Free/Prefabs/005 Candy_Stick.prefab
  artifactKey: Guid(f0aca05c4d7ab4f9d89b8b1819187377) Importer(815301076,1909f56bfc062723c751e8b465ee728b)
Start importing Assets/Low Poly Christmas Pack Free/Prefabs/005 Candy_Stick.prefab using Guid(f0aca05c4d7ab4f9d89b8b1819187377) Importer(815301076,1909f56bfc062723c751e8b465ee728b)  -> (artifact id: 'fc0ab14a2022c7966fb60cd6f548d4ae') in 0.028125 seconds 
========================================================================
Received Import Request.
  Time since last request: 0.000066 seconds.
  path: Assets/Low Poly Christmas Pack Free/Prefabs/022 Chicken.prefab
  artifactKey: Guid(717a516e1d24f4aabbe7f388387fdd0b) Importer(815301076,1909f56bfc062723c751e8b465ee728b)
Start importing Assets/Low Poly Christmas Pack Free/Prefabs/022 Chicken.prefab using Guid(717a516e1d24f4aabbe7f388387fdd0b) Importer(815301076,1909f56bfc062723c751e8b465ee728b)  -> (artifact id: 'c9182eeec60a9160fb8e48cc976df26b') in 0.071253 seconds 
========================================================================
Received Import Request.
  Time since last request: 0.000042 seconds.
  path: Assets/Low Poly Christmas Pack Free/Prefabs/032 Cake.prefab
  artifactKey: Guid(14dd651afb43542fb875c02b17819f21) Importer(815301076,1909f56bfc062723c751e8b465ee728b)
Start importing Assets/Low Poly Christmas Pack Free/Prefabs/032 Cake.prefab using Guid(14dd651afb43542fb875c02b17819f21) Importer(815301076,1909f56bfc062723c751e8b465ee728b)  -> (artifact id: '972758a4c8646914af1c9ff994af4fb7') in 0.058363 seconds 
========================================================================
Received Import Request.
  Time since last request: 0.000056 seconds.
  path: Assets/Low Poly Christmas Pack Free/Prefabs/006 Santa_Claus_Hat.prefab
  artifactKey: Guid(93d44d72c6ba84f33adf2a315684d176) Importer(815301076,1909f56bfc062723c751e8b465ee728b)
Start importing Assets/Low Poly Christmas Pack Free/Prefabs/006 Santa_Claus_Hat.prefab using Guid(93d44d72c6ba84f33adf2a315684d176) Importer(815301076,1909f56bfc062723c751e8b465ee728b)  -> (artifact id: '9ac2d734c0e8ef0dd669a8d97eed190d') in 0.047688 seconds 
========================================================================
Received Prepare
Registering precompiled user dll's ...
Registered in 0.009196 seconds.
Begin MonoManager ReloadAssembly
Native extension for LinuxStandalone target not found
Native extension for WindowsStandalone target not found
Native extension for OSXStandalone target not found
Native extension for WebGL target not found
Refreshing native plugins compatible for Editor in 1.88 ms, found 2 plugins.
Preloading 0 native plugins for Editor in 0.00 ms.
Mono: successfully reloaded assembly
- Completed reload, in  1.972 seconds
Domain Reload Profiling:
	ReloadAssembly (1973ms)
		BeginReloadAssembly (250ms)
			ExecutionOrderSort (0ms)
			DisableScriptedObjects (10ms)
			BackupInstance (0ms)
			ReleaseScriptingObjects (0ms)
			CreateAndSetChildDomain (65ms)
		EndReloadAssembly (1546ms)
			LoadAssemblies (169ms)
			RebuildTransferFunctionScriptingTraits (0ms)
			SetupTypeCache (362ms)
			ReleaseScriptCaches (2ms)
			RebuildScriptCaches (86ms)
			SetupLoadedEditorAssemblies (786ms)
				LogAssemblyErrors (0ms)
				InitializePlatformSupportModulesInManaged (28ms)
				SetLoadedEditorAssemblies (1ms)
				RefreshPlugins (2ms)
				BeforeProcessingInitializeOnLoad (118ms)
				ProcessInitializeOnLoadAttributes (517ms)
				ProcessInitializeOnLoadMethodAttributes (115ms)
				AfterProcessingInitializeOnLoad (5ms)
				EditorAssembliesLoaded (0ms)
			ExecutionOrderSort2 (0ms)
			AwakeInstancesAfterBackupRestoration (31ms)
Platform modules already initialized, skipping
Refreshing native plugins compatible for Editor in 1.81 ms, found 2 plugins.
Preloading 0 native plugins for Editor in 0.00 ms.
Unloading 3237 Unused Serialized files (Serialized files now loaded: 0)
Unloading 21 unused Assets / (316.9 KB). Loaded Objects now: 4032.
Memory consumption went from 219.4 MB to 219.1 MB.
Total: 8.949000 ms (FindLiveObjects: 0.717500 ms CreateObjectMapping: 0.995300 ms MarkObjects: 6.800900 ms  DeleteObjects: 0.432200 ms)

AssetImportParameters requested are different than current active one (requested -> active):
  custom:video-decoder-ogg-theora: a1e56fd34408186e4bbccfd4996cb3dc -> 
  custom:container-muxer-webm: aa71ff27fc2769a1b78a27578f13a17b -> 
  custom:container-demuxer-webm: 4f35f7cbe854078d1ac9338744f61a02 -> 
  custom:video-encoder-webm-vp8: eb34c28f22e8b96e1ab97ce403110664 -> 
  custom:audio-encoder-webm-vorbis: bf7c407c2cedff20999df2af8eb42d56 -> 
  custom:framework-win-MediaFoundation: 216162199b28c13a410421893ffa2e32 -> 
  custom:container-demuxer-ogg: 62fdf1f143b41e24485cea50d1cbac27 -> 
  custom:video-decoder-webm-vp8: 9c59270c3fd7afecdb556c50c9e8de78 -> 
  custom:audio-decoder-ogg-vorbis: bf7c407c2cedff20999df2af8eb42d56 -> 
========================================================================
Received Import Request.
  Time since last request: 110.201639 seconds.
  path: Assets/FantasyEnvironments/Environments/Prefabs/Flower2.prefab
  artifactKey: Guid(9c47d3ce2208e9440ab03e7fe3e32bcf) Importer(815301076,1909f56bfc062723c751e8b465ee728b)
Start importing Assets/FantasyEnvironments/Environments/Prefabs/Flower2.prefab using Guid(9c47d3ce2208e9440ab03e7fe3e32bcf) Importer(815301076,1909f56bfc062723c751e8b465ee728b)  -> (artifact id: '102999044c625593f94c99523fb35751') in 3.904912 seconds 
========================================================================
Received Import Request.
  Time since last request: 22.816623 seconds.
  path: Assets/Flat Textures Pack/Textures/Summer_ForestRoad.png
  artifactKey: Guid(5ba259208ad985146a301e08de183a3f) Importer(815301076,1909f56bfc062723c751e8b465ee728b)
Start importing Assets/Flat Textures Pack/Textures/Summer_ForestRoad.png using Guid(5ba259208ad985146a301e08de183a3f) Importer(815301076,1909f56bfc062723c751e8b465ee728b)  -> (artifact id: '551d4853f3fec1fbae1ad7146b96bb87') in 0.041579 seconds 
========================================================================
Received Import Request.
  Time since last request: 0.000032 seconds.
  path: Assets/Flat Textures Pack/Textures/Summer_Flowers.png
  artifactKey: Guid(0d0a4eda378924a488fc68a509785635) Importer(815301076,1909f56bfc062723c751e8b465ee728b)
Start importing Assets/Flat Textures Pack/Textures/Summer_Flowers.png using Guid(0d0a4eda378924a488fc68a509785635) Importer(815301076,1909f56bfc062723c751e8b465ee728b)  -> (artifact id: '1f8da7a550fc903550445ef067b25ebd') in 0.050146 seconds 
